<?xml version="1.0" encoding="UTF-8"?>
<!-- Generated by org.testng.reporters.JUnitXMLReporter -->
<testsuite ignored="1" hostname="Omonjons-MacBook-Pro.local" failures="0" tests="1" name="Default test" time="15.121" errors="0" timestamp="25 Aug 2021 00:35:31 GMT">
  <testcase classname="com.webstaurantstore.MainPageTest" name="addToCardLastItemTest" time="14.781"/>
  <testcase classname="com.webstaurantstore.MainPageTest" name="searchItemTest" time="0.0">
    <ignored/>
  </testcase> <!-- searchItemTest -->
</testsuite> <!-- Default test -->
