<?xml version="1.0" encoding="UTF-8"?>
<!-- Generated by org.testng.reporters.JUnitXMLReporter -->
<testsuite hostname="DESKTOP-INV4QF4" ignored="0" name="Test" tests="2" failures="1" timestamp="25 Aug 2021 01:02:20 GMT" time="100.563" errors="0">
  <testcase name="addToCardLastItemTest" time="19.705" classname="com.webstaurantstore.EndToEndTest"/>
  <testcase name="searchItemTest" time="76.33" classname="com.webstaurantstore.EndToEndTest">
    <failure type="java.lang.AssertionError" message="The following asserts failed:
	Title must be WebstaurantStore but was WebstaurantStore: Restaurant Supplies &amp;amp; Foodservice Equipment expected [WebstaurantStore] but found [WebstaurantStore: Restaurant Supplies &amp;amp; Foodservice Equipment],
	steelton 30&amp;quot; x 36&amp;quot; 18-gauge stainless steel equipment stand with undershelf and galvanized legs does not contain Table expected [true] but found [false],
	steelton 30&amp;quot; x 24&amp;quot; 18-gauge stainless steel equipment stand with undershelf and galvanized legs does not contain Table expected [true] but found [false],
	steelton 30&amp;quot; x 48&amp;quot; 18-gauge stainless steel equipment stand with undershelf and galvanized legs does not contain Table expected [true] but found [false],
	steelton 30&amp;quot; x 60&amp;quot; 18-gauge stainless steel equipment stand with undershelf and galvanized legs does not contain Table expected [true] but found [false],
	steelton 30&amp;quot; x 72&amp;quot; 18-gauge stainless steel equipment stand with undershelf and galvanized legs does not contain Table expected [true] but found [false]">
      <![CDATA[java.lang.AssertionError: The following asserts failed:
Title must be WebstaurantStore but was WebstaurantStore: Restaurant Supplies & Foodservice Equipment expected [WebstaurantStore] but found [WebstaurantStore: Restaurant Supplies & Foodservice Equipment],
steelton 30" x 36" 18-gauge stainless steel equipment stand with undershelf and galvanized legs does not contain Table expected [true] but found [false],
steelton 30" x 24" 18-gauge stainless steel equipment stand with undershelf and galvanized legs does not contain Table expected [true] but found [false],
steelton 30" x 48" 18-gauge stainless steel equipment stand with undershelf and galvanized legs does not contain Table expected [true] but found [false],
steelton 30" x 60" 18-gauge stainless steel equipment stand with undershelf and galvanized legs does not contain Table expected [true] but found [false],
steelton 30" x 72" 18-gauge stainless steel equipment stand with undershelf and galvanized legs does not contain Table expected [true] but found [false]
at com.webstaurantstore.EndToEndTest.searchItemTest(EndToEndTest.java:24)
... Removed 26 stack frames]]>
    </failure>
  </testcase> <!-- searchItemTest -->
</testsuite> <!-- Test -->
